21-Sep-2025 15:09:50.791 INFO [main] org.apache.catalina.startup.VersionLoggerListener.log Server version name:   Apache Tomcat/9.0.109
21-Sep-2025 15:09:50.792 INFO [main] org.apache.catalina.startup.VersionLoggerListener.log Server built:          Sep 1 2025 12:15:33 UTC
21-Sep-2025 15:09:50.792 INFO [main] org.apache.catalina.startup.VersionLoggerListener.log Server version number: 9.0.109.0
21-Sep-2025 15:09:50.792 INFO [main] org.apache.catalina.startup.VersionLoggerListener.log OS Name:               Mac OS X
21-Sep-2025 15:09:50.792 INFO [main] org.apache.catalina.startup.VersionLoggerListener.log OS Version:            15.6.1
21-Sep-2025 15:09:50.792 INFO [main] org.apache.catalina.startup.VersionLoggerListener.log Architecture:          aarch64
21-Sep-2025 15:09:50.792 INFO [main] org.apache.catalina.startup.VersionLoggerListener.log Java Home:             /Users/kaitl/Library/Java/JavaVirtualMachines/openjdk-24.0.2+12-54/Contents/Home
21-Sep-2025 15:09:50.792 INFO [main] org.apache.catalina.startup.VersionLoggerListener.log JVM Version:           24.0.2+12-54
21-Sep-2025 15:09:50.793 INFO [main] org.apache.catalina.startup.VersionLoggerListener.log JVM Vendor:            Oracle Corporation
21-Sep-2025 15:09:50.793 INFO [main] org.apache.catalina.startup.VersionLoggerListener.log CATALINA_BASE:         /Users/kaitl/Downloads/apache-tomcat-9.0.109
21-Sep-2025 15:09:50.793 INFO [main] org.apache.catalina.startup.VersionLoggerListener.log CATALINA_HOME:         /Users/kaitl/Downloads/apache-tomcat-9.0.109
21-Sep-2025 15:09:50.799 INFO [main] org.apache.catalina.startup.VersionLoggerListener.log Command line argument: --add-opens=java.base/java.lang=ALL-UNNAMED
21-Sep-2025 15:09:50.799 INFO [main] org.apache.catalina.startup.VersionLoggerListener.log Command line argument: --add-opens=java.base/java.lang.invoke=ALL-UNNAMED
21-Sep-2025 15:09:50.799 INFO [main] org.apache.catalina.startup.VersionLoggerListener.log Command line argument: --add-opens=java.base/java.lang.reflect=ALL-UNNAMED
21-Sep-2025 15:09:50.799 INFO [main] org.apache.catalina.startup.VersionLoggerListener.log Command line argument: --add-opens=java.base/java.io=ALL-UNNAMED
21-Sep-2025 15:09:50.799 INFO [main] org.apache.catalina.startup.VersionLoggerListener.log Command line argument: --add-opens=java.base/java.util=ALL-UNNAMED
21-Sep-2025 15:09:50.799 INFO [main] org.apache.catalina.startup.VersionLoggerListener.log Command line argument: --add-opens=java.base/java.util.concurrent=ALL-UNNAMED
21-Sep-2025 15:09:50.799 INFO [main] org.apache.catalina.startup.VersionLoggerListener.log Command line argument: --add-opens=java.rmi/sun.rmi.transport=ALL-UNNAMED
21-Sep-2025 15:09:50.799 INFO [main] org.apache.catalina.startup.VersionLoggerListener.log Command line argument: -Djava.util.logging.config.file=/Users/kaitl/Downloads/apache-tomcat-9.0.109/conf/logging.properties
21-Sep-2025 15:09:50.799 INFO [main] org.apache.catalina.startup.VersionLoggerListener.log Command line argument: -Djava.util.logging.manager=org.apache.juli.ClassLoaderLogManager
21-Sep-2025 15:09:50.800 INFO [main] org.apache.catalina.startup.VersionLoggerListener.log Command line argument: -Djdk.tls.ephemeralDHKeySize=2048
21-Sep-2025 15:09:50.800 INFO [main] org.apache.catalina.startup.VersionLoggerListener.log Command line argument: -Djava.protocol.handler.pkgs=org.apache.catalina.webresources
21-Sep-2025 15:09:50.800 INFO [main] org.apache.catalina.startup.VersionLoggerListener.log Command line argument: -Dsun.io.useCanonCaches=false
21-Sep-2025 15:09:50.800 INFO [main] org.apache.catalina.startup.VersionLoggerListener.log Command line argument: -Dorg.apache.catalina.security.SecurityListener.UMASK=0027
21-Sep-2025 15:09:50.800 INFO [main] org.apache.catalina.startup.VersionLoggerListener.log Command line argument: -Dignore.endorsed.dirs=
21-Sep-2025 15:09:50.800 INFO [main] org.apache.catalina.startup.VersionLoggerListener.log Command line argument: -Dcatalina.base=/Users/kaitl/Downloads/apache-tomcat-9.0.109
21-Sep-2025 15:09:50.800 INFO [main] org.apache.catalina.startup.VersionLoggerListener.log Command line argument: -Dcatalina.home=/Users/kaitl/Downloads/apache-tomcat-9.0.109
21-Sep-2025 15:09:50.800 INFO [main] org.apache.catalina.startup.VersionLoggerListener.log Command line argument: -Djava.io.tmpdir=/Users/kaitl/Downloads/apache-tomcat-9.0.109/temp
21-Sep-2025 15:09:50.807 INFO [main] org.apache.catalina.core.AprLifecycleListener.lifecycleEvent The Apache Tomcat Native library which allows using OpenSSL was not found on the java.library.path: [/Users/kaitl/Library/Java/Extensions:/Library/Java/Extensions:/Network/Library/Java/Extensions:/System/Library/Java/Extensions:/usr/lib/java:.]
21-Sep-2025 15:09:50.933 INFO [main] org.apache.coyote.AbstractProtocol.init Initializing ProtocolHandler ["http-nio-8080"]
21-Sep-2025 15:09:50.945 INFO [main] org.apache.catalina.startup.Catalina.load Server initialization in [249] milliseconds
21-Sep-2025 15:09:50.961 INFO [main] org.apache.catalina.core.StandardService.startInternal Starting service [Catalina]
21-Sep-2025 15:09:50.961 INFO [main] org.apache.catalina.core.StandardEngine.startInternal Starting Servlet engine: [Apache Tomcat/9.0.109]
21-Sep-2025 15:09:50.964 INFO [main] org.apache.catalina.startup.HostConfig.deployDirectory Deploying web application directory [/Users/kaitl/Downloads/apache-tomcat-9.0.109/webapps/docs]
21-Sep-2025 15:09:51.072 INFO [main] org.apache.catalina.startup.HostConfig.deployDirectory Deployment of web application directory [/Users/kaitl/Downloads/apache-tomcat-9.0.109/webapps/docs] has finished in [107] ms
21-Sep-2025 15:09:51.072 INFO [main] org.apache.catalina.startup.HostConfig.deployDirectory Deploying web application directory [/Users/kaitl/Downloads/apache-tomcat-9.0.109/webapps/manager]
21-Sep-2025 15:09:51.090 INFO [main] org.apache.catalina.startup.HostConfig.deployDirectory Deployment of web application directory [/Users/kaitl/Downloads/apache-tomcat-9.0.109/webapps/manager] has finished in [17] ms
21-Sep-2025 15:09:51.090 INFO [main] org.apache.catalina.startup.HostConfig.deployDirectory Deploying web application directory [/Users/kaitl/Downloads/apache-tomcat-9.0.109/webapps/examples]
21-Sep-2025 15:09:51.176 INFO [main] org.apache.catalina.startup.HostConfig.deployDirectory Deployment of web application directory [/Users/kaitl/Downloads/apache-tomcat-9.0.109/webapps/examples] has finished in [86] ms
21-Sep-2025 15:09:51.176 INFO [main] org.apache.catalina.startup.HostConfig.deployDirectory Deploying web application directory [/Users/kaitl/Downloads/apache-tomcat-9.0.109/webapps/ROOT]
21-Sep-2025 15:09:51.182 INFO [main] org.apache.catalina.startup.HostConfig.deployDirectory Deployment of web application directory [/Users/kaitl/Downloads/apache-tomcat-9.0.109/webapps/ROOT] has finished in [6] ms
21-Sep-2025 15:09:51.182 INFO [main] org.apache.catalina.startup.HostConfig.deployDirectory Deploying web application directory [/Users/kaitl/Downloads/apache-tomcat-9.0.109/webapps/host-manager]
21-Sep-2025 15:09:51.189 INFO [main] org.apache.catalina.startup.HostConfig.deployDirectory Deployment of web application directory [/Users/kaitl/Downloads/apache-tomcat-9.0.109/webapps/host-manager] has finished in [7] ms
21-Sep-2025 15:09:51.190 INFO [main] org.apache.coyote.AbstractProtocol.start Starting ProtocolHandler ["http-nio-8080"]
21-Sep-2025 15:09:51.194 INFO [main] org.apache.catalina.startup.Catalina.start Server startup in [248] milliseconds
21-Sep-2025 15:11:17.294 INFO [main] org.apache.catalina.core.StandardServer.await A valid shutdown command was received via the shutdown port. Stopping the Server instance.
21-Sep-2025 15:11:17.294 INFO [main] org.apache.coyote.AbstractProtocol.pause Pausing ProtocolHandler ["http-nio-8080"]
21-Sep-2025 15:11:17.296 INFO [main] org.apache.catalina.core.StandardService.stopInternal Stopping service [Catalina]
21-Sep-2025 15:11:17.305 INFO [main] org.apache.coyote.AbstractProtocol.stop Stopping ProtocolHandler ["http-nio-8080"]
21-Sep-2025 15:11:17.309 INFO [main] org.apache.coyote.AbstractProtocol.destroy Destroying ProtocolHandler ["http-nio-8080"]
21-Sep-2025 15:12:21.952 INFO [main] org.apache.catalina.startup.VersionLoggerListener.log Server version name:   Apache Tomcat/9.0.109
21-Sep-2025 15:12:21.953 INFO [main] org.apache.catalina.startup.VersionLoggerListener.log Server built:          Sep 1 2025 12:15:33 UTC
21-Sep-2025 15:12:21.953 INFO [main] org.apache.catalina.startup.VersionLoggerListener.log Server version number: 9.0.109.0
21-Sep-2025 15:12:21.953 INFO [main] org.apache.catalina.startup.VersionLoggerListener.log OS Name:               Mac OS X
21-Sep-2025 15:12:21.953 INFO [main] org.apache.catalina.startup.VersionLoggerListener.log OS Version:            15.6.1
21-Sep-2025 15:12:21.953 INFO [main] org.apache.catalina.startup.VersionLoggerListener.log Architecture:          aarch64
21-Sep-2025 15:12:21.953 INFO [main] org.apache.catalina.startup.VersionLoggerListener.log Java Home:             /Users/kaitl/Library/Java/JavaVirtualMachines/openjdk-24.0.2+12-54/Contents/Home
21-Sep-2025 15:12:21.953 INFO [main] org.apache.catalina.startup.VersionLoggerListener.log JVM Version:           24.0.2+12-54
21-Sep-2025 15:12:21.953 INFO [main] org.apache.catalina.startup.VersionLoggerListener.log JVM Vendor:            Oracle Corporation
21-Sep-2025 15:12:21.953 INFO [main] org.apache.catalina.startup.VersionLoggerListener.log CATALINA_BASE:         /Users/kaitl/Downloads/apache-tomcat-9.0.109
21-Sep-2025 15:12:21.953 INFO [main] org.apache.catalina.startup.VersionLoggerListener.log CATALINA_HOME:         /Users/kaitl/Downloads/apache-tomcat-9.0.109
21-Sep-2025 15:12:21.958 INFO [main] org.apache.catalina.startup.VersionLoggerListener.log Command line argument: --add-opens=java.base/java.lang=ALL-UNNAMED
21-Sep-2025 15:12:21.958 INFO [main] org.apache.catalina.startup.VersionLoggerListener.log Command line argument: --add-opens=java.base/java.lang.invoke=ALL-UNNAMED
21-Sep-2025 15:12:21.958 INFO [main] org.apache.catalina.startup.VersionLoggerListener.log Command line argument: --add-opens=java.base/java.lang.reflect=ALL-UNNAMED
21-Sep-2025 15:12:21.958 INFO [main] org.apache.catalina.startup.VersionLoggerListener.log Command line argument: --add-opens=java.base/java.io=ALL-UNNAMED
21-Sep-2025 15:12:21.958 INFO [main] org.apache.catalina.startup.VersionLoggerListener.log Command line argument: --add-opens=java.base/java.util=ALL-UNNAMED
21-Sep-2025 15:12:21.958 INFO [main] org.apache.catalina.startup.VersionLoggerListener.log Command line argument: --add-opens=java.base/java.util.concurrent=ALL-UNNAMED
21-Sep-2025 15:12:21.958 INFO [main] org.apache.catalina.startup.VersionLoggerListener.log Command line argument: --add-opens=java.rmi/sun.rmi.transport=ALL-UNNAMED
21-Sep-2025 15:12:21.958 INFO [main] org.apache.catalina.startup.VersionLoggerListener.log Command line argument: -Djava.util.logging.config.file=/Users/kaitl/Downloads/apache-tomcat-9.0.109/conf/logging.properties
21-Sep-2025 15:12:21.958 INFO [main] org.apache.catalina.startup.VersionLoggerListener.log Command line argument: -Djava.util.logging.manager=org.apache.juli.ClassLoaderLogManager
21-Sep-2025 15:12:21.958 INFO [main] org.apache.catalina.startup.VersionLoggerListener.log Command line argument: -Djdk.tls.ephemeralDHKeySize=2048
21-Sep-2025 15:12:21.958 INFO [main] org.apache.catalina.startup.VersionLoggerListener.log Command line argument: -Djava.protocol.handler.pkgs=org.apache.catalina.webresources
21-Sep-2025 15:12:21.958 INFO [main] org.apache.catalina.startup.VersionLoggerListener.log Command line argument: -Dsun.io.useCanonCaches=false
21-Sep-2025 15:12:21.958 INFO [main] org.apache.catalina.startup.VersionLoggerListener.log Command line argument: -Dorg.apache.catalina.security.SecurityListener.UMASK=0027
21-Sep-2025 15:12:21.958 INFO [main] org.apache.catalina.startup.VersionLoggerListener.log Command line argument: -Dignore.endorsed.dirs=
21-Sep-2025 15:12:21.958 INFO [main] org.apache.catalina.startup.VersionLoggerListener.log Command line argument: -Dcatalina.base=/Users/kaitl/Downloads/apache-tomcat-9.0.109
21-Sep-2025 15:12:21.958 INFO [main] org.apache.catalina.startup.VersionLoggerListener.log Command line argument: -Dcatalina.home=/Users/kaitl/Downloads/apache-tomcat-9.0.109
21-Sep-2025 15:12:21.958 INFO [main] org.apache.catalina.startup.VersionLoggerListener.log Command line argument: -Djava.io.tmpdir=/Users/kaitl/Downloads/apache-tomcat-9.0.109/temp
21-Sep-2025 15:12:21.963 INFO [main] org.apache.catalina.core.AprLifecycleListener.lifecycleEvent The Apache Tomcat Native library which allows using OpenSSL was not found on the java.library.path: [/Users/kaitl/Library/Java/Extensions:/Library/Java/Extensions:/Network/Library/Java/Extensions:/System/Library/Java/Extensions:/usr/lib/java:.]
21-Sep-2025 15:12:22.075 INFO [main] org.apache.coyote.AbstractProtocol.init Initializing ProtocolHandler ["http-nio-8080"]
21-Sep-2025 15:12:22.086 INFO [main] org.apache.catalina.startup.Catalina.load Server initialization in [211] milliseconds
21-Sep-2025 15:12:22.099 INFO [main] org.apache.catalina.core.StandardService.startInternal Starting service [Catalina]
21-Sep-2025 15:12:22.099 INFO [main] org.apache.catalina.core.StandardEngine.startInternal Starting Servlet engine: [Apache Tomcat/9.0.109]
21-Sep-2025 15:12:22.102 INFO [main] org.apache.catalina.startup.HostConfig.deployDirectory Deploying web application directory [/Users/kaitl/Downloads/apache-tomcat-9.0.109/webapps/docs]
21-Sep-2025 15:12:22.198 INFO [main] org.apache.catalina.startup.HostConfig.deployDirectory Deployment of web application directory [/Users/kaitl/Downloads/apache-tomcat-9.0.109/webapps/docs] has finished in [95] ms
21-Sep-2025 15:12:22.198 INFO [main] org.apache.catalina.startup.HostConfig.deployDirectory Deploying web application directory [/Users/kaitl/Downloads/apache-tomcat-9.0.109/webapps/manager]
21-Sep-2025 15:12:22.215 INFO [main] org.apache.catalina.startup.HostConfig.deployDirectory Deployment of web application directory [/Users/kaitl/Downloads/apache-tomcat-9.0.109/webapps/manager] has finished in [17] ms
21-Sep-2025 15:12:22.215 INFO [main] org.apache.catalina.startup.HostConfig.deployDirectory Deploying web application directory [/Users/kaitl/Downloads/apache-tomcat-9.0.109/webapps/examples]
21-Sep-2025 15:12:22.295 INFO [main] org.apache.catalina.startup.HostConfig.deployDirectory Deployment of web application directory [/Users/kaitl/Downloads/apache-tomcat-9.0.109/webapps/examples] has finished in [80] ms
21-Sep-2025 15:12:22.295 INFO [main] org.apache.catalina.startup.HostConfig.deployDirectory Deploying web application directory [/Users/kaitl/Downloads/apache-tomcat-9.0.109/webapps/ROOT]
21-Sep-2025 15:12:22.301 INFO [main] org.apache.catalina.startup.HostConfig.deployDirectory Deployment of web application directory [/Users/kaitl/Downloads/apache-tomcat-9.0.109/webapps/ROOT] has finished in [6] ms
21-Sep-2025 15:12:22.301 INFO [main] org.apache.catalina.startup.HostConfig.deployDirectory Deploying web application directory [/Users/kaitl/Downloads/apache-tomcat-9.0.109/webapps/host-manager]
21-Sep-2025 15:12:22.307 INFO [main] org.apache.catalina.startup.HostConfig.deployDirectory Deployment of web application directory [/Users/kaitl/Downloads/apache-tomcat-9.0.109/webapps/host-manager] has finished in [6] ms
21-Sep-2025 15:12:22.309 INFO [main] org.apache.coyote.AbstractProtocol.start Starting ProtocolHandler ["http-nio-8080"]
21-Sep-2025 15:12:22.312 INFO [main] org.apache.catalina.startup.Catalina.start Server startup in [226] milliseconds
21-Sep-2025 15:15:43.210 INFO [main] org.apache.catalina.core.StandardServer.await A valid shutdown command was received via the shutdown port. Stopping the Server instance.
21-Sep-2025 15:15:43.210 INFO [main] org.apache.coyote.AbstractProtocol.pause Pausing ProtocolHandler ["http-nio-8080"]
21-Sep-2025 15:15:43.217 INFO [main] org.apache.catalina.core.StandardService.stopInternal Stopping service [Catalina]
21-Sep-2025 15:15:43.232 INFO [main] org.apache.coyote.AbstractProtocol.stop Stopping ProtocolHandler ["http-nio-8080"]
21-Sep-2025 15:15:43.242 INFO [main] org.apache.coyote.AbstractProtocol.destroy Destroying ProtocolHandler ["http-nio-8080"]
